<?xml version="1.0" encoding="UTF-8"?>
<!-- Generated by org.testng.reporters.JUnitReportReporter -->
<testsuite hostname="DESKTOP-TCJQPBH" failures="0" tests="2" name="Projectsell.Demo1" time="20.314" errors="0" timestamp="01 Jun 2023 12:51:53 GMT" skipped="0">
  <testcase classname="Projectsell.Demo1" name="Testlogin" time="13.322"/>
  <testcase classname="Projectsell.Demo1" name="Testlogin" time="6.992"/>
</testsuite> <!-- Projectsell.Demo1 -->
